<?xml version="1.0" encoding="UTF-8"?>
<!-- Generated by org.testng.reporters.JUnitReportReporter -->
<testsuite hostname="MacBook-Pro-de-Rebeca.local" failures="0" tests="3" name="TiendaTest" time="8.326" errors="0" timestamp="2023-06-26T13:44:09 CST" skipped="0">
  <testcase classname="TiendaTest" name="Prueba___1" time="1.914"/>
  <system-out>
    <![CDATA[Detalle del producto: Samsung galaxy s7
-----
https://www.demoblaze.com/prod.html?idp_=4
------
Agregando producto al carrito de compra...
Texto de alerta: Product added
------------
Detalle del producto:
Nombre: Samsung galaxy s7
Precio: $800 *includes tax
Descripción: Product descriptionThe Samsung Galaxy S7 is powered by 1.6GHz octa-core it comes with 4GB 
of RAM. The phone packs 32GB of internal storage that can be expanded up
 to 200GB via a microSD card.
------------
Regresando a la página de inicio]]>
  </system-out>
  <testcase classname="TiendaTest" name="Prueba___2" time="2.129"/>
  <system-out>
    <![CDATA[Detalle del producto: Samsung galaxy s7
-----
https://www.demoblaze.com/prod.html?idp_=4
------
Agregando producto al carrito de compra...
Texto de alerta: Product added
Abriendo detalle del carrrito
Regresando a la página de inicio]]>
  </system-out>
  <testcase classname="TiendaTest" name="Prueba___3" time="4.283"/>
  <system-out>
    <![CDATA[Detalle del producto: Samsung galaxy s6
-----
https://www.demoblaze.com/prod.html?idp_=1
------
Agregando producto al carrito de compra...
Texto de alerta: Product added
Regresando a la página de inicio
Detalle del producto: Nokia lumia 1520
-----
https://www.demoblaze.com/prod.html?idp_=2
------
Agregando producto al carrito de compra...
Texto de alerta: Product added
Regresando a la página de inicio
Abriendo detalle del carrrito
 
 
 
 
 
Productos agregados: 2
Detalle: 
Imagen: https://www.demoblaze.com/imgs/galaxy_s6.jpg
Titulo: Samsung galaxy s6
Precio: 360
Link: Delete
 
 
Imagen: https://www.demoblaze.com/imgs/galaxy_s6.jpg
Titulo: Samsung galaxy s7
Precio: 800
Link: Delete
 
 
Total: 2780
Activación de botón 'place order': true]]>
  </system-out>
</testsuite> <!-- TiendaTest -->
